<?xml version="1.0" encoding="UTF-8"?>
<!-- Generated by org.testng.reporters.JUnitReportReporter -->
<testsuite hostname="rajusarumacairs-MacBook-Air.local" failures="0" tests="4" name="day1.HTTPRequests" time="1.874" errors="0" timestamp="2023-03-02T16:54:28 EST" skipped="0">
  <testcase classname="day1.HTTPRequests" name="createUser" time="1.260"/>
  <system-out/>
  <testcase classname="day1.HTTPRequests" name="getUser" time="0.119"/>
  <system-out/>
  <testcase classname="day1.HTTPRequests" name="updateUser" time="0.251"/>
  <system-out/>
  <testcase classname="day1.HTTPRequests" name="deleteUser" time="0.244"/>
  <system-out/>
</testsuite> <!-- day1.HTTPRequests -->
