<?xml version="1.0" encoding="UTF-8"?>
<!-- Generated by org.testng.reporters.JUnitReportReporter -->
<testsuite hostname="rajusarumacairs-MacBook-Air.local" failures="0" tests="1" name="day5.ParsingXMLResponse" time="1.466" errors="0" timestamp="2023-03-05T15:45:07 EST" skipped="0">
  <testcase classname="day5.ParsingXMLResponse" name="testXMLResponse2" time="1.466"/>
  <system-out/>
</testsuite> <!-- day5.ParsingXMLResponse -->
