<?xml version="1.0" encoding="UTF-8"?>
<!-- Generated by org.testng.reporters.JUnitReportReporter -->
<testsuite hostname="rajusarumacairs-MacBook-Air.local" failures="0" tests="2" name="day2.CreatePostRequestBodyUsingOrgJson" time="2.418" errors="0" timestamp="2023-03-03T10:14:12 EST" skipped="0">
  <testcase classname="day2.CreatePostRequestBodyUsingOrgJson" name="PostUsingOrgJson" time="2.312"/>
  <system-out/>
  <testcase classname="day2.CreatePostRequestBodyUsingOrgJson" name="DeleteStudent" time="0.106"/>
  <system-out/>
</testsuite> <!-- day2.CreatePostRequestBodyUsingOrgJson -->
