<?xml version="1.0" encoding="UTF-8"?>
<!-- Generated by org.testng.reporters.JUnitReportReporter -->
<testsuite hostname="rajusarumacairs-MacBook-Air.local" failures="0" tests="1" name="day4.ParsingJSONResponseData" time="0.535" errors="0" timestamp="2023-03-04T14:42:06 EST" skipped="0">
  <testcase classname="day4.ParsingJSONResponseData" name="testJsonResponseBodyDataPrice" time="0.535"/>
  <system-out/>
</testsuite> <!-- day4.ParsingJSONResponseData -->
