<?xml version="1.0" encoding="UTF-8"?>
<!-- Generated by org.testng.reporters.JUnitReportReporter -->
<testsuite hostname="rajusarumacairs-MacBook-Air.local" failures="0" tests="2" name="day2.CreatePostRequestBodyUsingPOJO" time="1.220" errors="0" timestamp="2023-03-03T10:25:23 EST" skipped="0">
  <testcase classname="day2.CreatePostRequestBodyUsingPOJO" name="PostUsingPOJO" time="1.169"/>
  <system-out/>
  <testcase classname="day2.CreatePostRequestBodyUsingPOJO" name="DeleteStudent" time="0.051"/>
  <system-out/>
</testsuite> <!-- day2.CreatePostRequestBodyUsingPOJO -->
