<?xml version="1.0" encoding="UTF-8"?>
<!-- Generated by org.testng.reporters.JUnitReportReporter -->
<testsuite hostname="rajusarumacairs-MacBook-Air.local" failures="0" tests="4" name="api.test.UserTests" time="1.386" errors="0" timestamp="2023-03-31T11:10:37 EDT" skipped="0">
  <testcase classname="api.test.UserTests" name="testPostUser" time="1.059"/>
  <system-out/>
  <testcase classname="api.test.UserTests" name="testGetUserbyUsername" time="0.091"/>
  <system-out/>
  <testcase classname="api.test.UserTests" name="testUpdateUserbyUsername" time="0.162"/>
  <system-out/>
  <testcase classname="api.test.UserTests" name="testDeleteUserbyUsername" time="0.074"/>
  <system-out/>
</testsuite> <!-- api.test.UserTests -->
