<?xml version="1.0" encoding="UTF-8"?>
<!-- Generated by org.testng.reporters.JUnitReportReporter -->
<testsuite hostname="rajusarumacairs-MacBook-Air.local" failures="0" tests="1" name="day3.PathAndQueryParameters" time="1.043" errors="0" timestamp="2023-03-03T14:43:29 EST" skipped="0">
  <testcase classname="day3.PathAndQueryParameters" name="testQueryAndPathParameters" time="1.043"/>
  <system-out/>
</testsuite> <!-- day3.PathAndQueryParameters -->
