<?xml version="1.0" encoding="UTF-8"?>
<!-- Generated by org.testng.reporters.JUnitReportReporter -->
<testsuite hostname="rajusarumacairs-MacBook-Air.local" failures="0" tests="1" name="day3.LoginDemo" time="0.858" errors="0" timestamp="2023-03-03T15:40:55 EST" skipped="0">
  <testcase classname="day3.LoginDemo" name="testLogin" time="0.858"/>
  <system-out/>
</testsuite> <!-- day3.LoginDemo -->
