<?xml version="1.0" encoding="UTF-8"?>
<!-- Generated by org.testng.reporters.JUnitReportReporter -->
<testsuite hostname="rajusarumacairs-MacBook-Air.local" failures="0" tests="1" name="day3.CookiesDemo" time="1.189" errors="0" timestamp="2023-03-03T15:16:20 EST" skipped="0">
  <testcase classname="day3.CookiesDemo" name="captureCookiesInfo" time="1.189"/>
  <system-out/>
</testsuite> <!-- day3.CookiesDemo -->
