<?xml version="1.0" encoding="UTF-8"?>
<!-- Generated by org.testng.reporters.JUnitReportReporter -->
<testsuite hostname="rajusarumacairs-MacBook-Air.local" failures="0" tests="2" name="day2.DifferentWaysToCreatePostRequestBody" time="0.628" errors="0" timestamp="2023-03-03T09:50:18 EST" skipped="1">
  <testcase classname="day2.DifferentWaysToCreatePostRequestBody" name="DeleteStudent" time="0.628"/>
  <system-out/>
  <testcase classname="day2.DifferentWaysToCreatePostRequestBody" name="PostUsingHashMap">
    <skipped/>
  </testcase> <!-- PostUsingHashMap -->
  <system-out/>
</testsuite> <!-- day2.DifferentWaysToCreatePostRequestBody -->
