<?xml version="1.0" encoding="UTF-8"?>
<!-- Generated by org.testng.reporters.JUnitReportReporter -->
<testsuite hostname="rajusarumacairs-MacBook-Air.local" failures="0" tests="1" name="day3.HeaderDemo" time="0.931" errors="0" timestamp="2023-03-03T15:38:36 EST" skipped="0">
  <testcase classname="day3.HeaderDemo" name="getHeaders" time="0.931"/>
  <system-out/>
</testsuite> <!-- day3.HeaderDemo -->
